e:\svnworkspace\projectmax\public\projects\libsocket\debug\vc120.pdb
e:\svnworkspace\projectmax\public\projects\libsocket\debug\vc120.idb
e:\svnworkspace\projectmax\public\projects\libsocket\debug\extensionrequestmessage.obj
e:\svnworkspace\projectmax\public\projects\libsocket\debug\extensionresponsemessage.obj
e:\svnworkspace\projectmax\public\projects\libsocket\debug\loginrequestmessage.obj
e:\svnworkspace\projectmax\public\projects\libsocket\debug\loginresponsemessage.obj
e:\svnworkspace\projectmax\public\projects\libsocket\debug\msgseqnomanager.obj
e:\svnworkspace\projectmax\public\projects\libsocket\debug\odsocket.obj
e:\svnworkspace\projectmax\public\projects\libsocket\debug\recvbuffer.obj
e:\svnworkspace\projectmax\public\projects\libsocket\debug\socketclient.obj
e:\svnworkspace\projectmax\public\projects\libsocket\debug\socketencryptmanager.obj
e:\svnworkspace\projectmax\public\projects\libsocket\debug\socketmessagereaderimpl.obj
e:\svnworkspace\projectmax\public\projects\libsocket\debug\socketmessagewriterimpl.obj
e:\svnworkspace\projectmax\public\projects\libsocket\debug\socketutil.obj
e:\svnworkspace\projectmax\thelastday\projects\thelastday\trunk\thelastday\frameworks\runtime-src\proj.win32\debug\libsocket.lib
e:\svnworkspace\projectmax\public\projects\libsocket\debug\libsocket.tlog\cl.command.1.tlog
e:\svnworkspace\projectmax\public\projects\libsocket\debug\libsocket.tlog\cl.read.1.tlog
e:\svnworkspace\projectmax\public\projects\libsocket\debug\libsocket.tlog\cl.write.1.tlog
e:\svnworkspace\projectmax\public\projects\libsocket\debug\libsocket.tlog\lib-link.read.1.tlog
e:\svnworkspace\projectmax\public\projects\libsocket\debug\libsocket.tlog\lib-link.write.1.tlog
e:\svnworkspace\projectmax\public\projects\libsocket\debug\libsocket.tlog\lib.command.1.tlog
